<?xml version="1.0" encoding="UTF-8"?>
<!-- Generated by org.testng.reporters.JUnitReportReporter -->
<testsuite hostname="Bijitas-MBP" failures="0" tests="1" name="extentReport.ExtentReportTest" time="10.452" errors="0" timestamp="2022-04-08T21:40:03 IST" skipped="0">
  <testcase classname="extentReport.ExtentReportTest" name="DemoRun" time="10.452"/>
  <system-out/>
</testsuite> <!-- extentReport.ExtentReportTest -->
